# JRE version: OpenJDK Runtime Environment Corretto-22.0.2.9.1 (22.0.2+9) (build 22.0.2+9-FR)
# Java VM: OpenJDK 64-Bit Server VM Corretto-22.0.2.9.1 (22.0.2+9-FR, mixed mode, sharing, tiered, compressed oops, compressed class ptrs, g1 gc, windows-amd64)
GC Precious Log:
 CardTable entry size: 512
 Card Set container configuration: InlinePtr #cards 4 size 8 Array Of Cards #cards 16 size 48 Howl #buckets 8 coarsen threshold 3686 Howl Bitmap #cards 512 size 80 coarsen threshold 460 Card regions per heap region 1 cards per card region 4096
 CPUs: 8 total, 8 available
 Memory: 16215M
 Large Page Support: Disabled
 NUMA Support: Disabled
 Compressed Oops: Enabled (Zero based)
 Heap Region Size: 2M
 Heap Min Capacity: 8M
 Heap Initial Capacity: 254M
 Heap Max Capacity: 4054M
 Pre-touch: Disabled
 Parallel Workers: 8
 Concurrent Workers: 2
 Concurrent Refinement Workers: 8
 Periodic GC: Disabled
Heap:
 garbage-first heap   total reserved 4151296K, committed 634880K, used 491161K [0x0000000702a00000, 0x0000000800000000)
  region size 2048K, 186 young (380928K), 9 survivors (18432K)
 Metaspace       used 99433K, committed 100480K, reserved 1179648K
  class space    used 13594K, committed 14080K, reserved 1048576K
GC Heap History (20 events):
Event: 7.946 GC heap after
{Heap after GC invocations=32 (full 0):
 garbage-first heap   total reserved 4151296K, committed 370688K, used 132099K [0x0000000702a00000, 0x0000000800000000)
  region size 2048K, 6 young (12288K), 6 survivors (12288K)
 Metaspace       used 78236K, committed 78976K, reserved 1179648K
  class space    used 11004K, committed 11328K, reserved 1048576K
}
Event: 8.290 GC heap before
{Heap before GC invocations=32 (full 0):
 garbage-first heap   total reserved 4151296K, committed 370688K, used 310275K [0x0000000702a00000, 0x0000000800000000)
  region size 2048K, 93 young (190464K), 6 survivors (12288K)
 Metaspace       used 78780K, committed 79552K, reserved 1179648K
  class space    used 11041K, committed 11392K, reserved 1048576K
}
Event: 8.297 GC heap after
{Heap after GC invocations=33 (full 0):
 garbage-first heap   total reserved 4151296K, committed 370688K, used 131398K [0x0000000702a00000, 0x0000000800000000)
  region size 2048K, 5 young (10240K), 5 survivors (10240K)
 Metaspace       used 78780K, committed 79552K, reserved 1179648K
  class space    used 11041K, committed 11392K, reserved 1048576K
}
Event: 8.593 GC heap before
{Heap before GC invocations=33 (full 0):
 garbage-first heap   total reserved 4151296K, committed 370688K, used 321862K [0x0000000702a00000, 0x0000000800000000)
  region size 2048K, 98 young (200704K), 5 survivors (10240K)
 Metaspace       used 78998K, committed 79744K, reserved 1179648K
  class space    used 11046K, committed 11392K, reserved 1048576K
}
Event: 8.615 GC heap after
{Heap after GC invocations=34 (full 0):
 garbage-first heap   total reserved 4151296K, committed 370688K, used 161388K [0x0000000702a00000, 0x0000000800000000)
  region size 2048K, 13 young (26624K), 13 survivors (26624K)
 Metaspace       used 78998K, committed 79744K, reserved 1179648K
  class space    used 11046K, committed 11392K, reserved 1048576K
}
Event: 8.799 GC heap before
{Heap before GC invocations=35 (full 0):
 garbage-first heap   total reserved 4151296K, committed 370688K, used 302700K [0x0000000702a00000, 0x0000000800000000)
  region size 2048K, 86 young (176128K), 13 survivors (26624K)
 Metaspace       used 78998K, committed 79744K, reserved 1179648K
  class space    used 11046K, committed 11392K, reserved 1048576K
}
Event: 8.823 GC heap after
{Heap after GC invocations=36 (full 0):
 garbage-first heap   total reserved 4151296K, committed 370688K, used 177199K [0x0000000702a00000, 0x0000000800000000)
  region size 2048K, 11 young (22528K), 11 survivors (22528K)
 Metaspace       used 78998K, committed 79744K, reserved 1179648K
  class space    used 11046K, committed 11392K, reserved 1048576K
}
Event: 8.969 GC heap before
{Heap before GC invocations=36 (full 0):
 garbage-first heap   total reserved 4151296K, committed 370688K, used 310319K [0x0000000702a00000, 0x0000000800000000)
  region size 2048K, 76 young (155648K), 11 survivors (22528K)
 Metaspace       used 79001K, committed 79744K, reserved 1179648K
  class space    used 11046K, committed 11392K, reserved 1048576K
}
Event: 8.992 GC heap after
{Heap after GC invocations=37 (full 0):
 garbage-first heap   total reserved 4151296K, committed 763904K, used 186914K [0x0000000702a00000, 0x0000000800000000)
  region size 2048K, 10 young (20480K), 10 survivors (20480K)
 Metaspace       used 79001K, committed 79744K, reserved 1179648K
  class space    used 11046K, committed 11392K, reserved 1048576K
}
Event: 9.528 GC heap before
{Heap before GC invocations=37 (full 0):
 garbage-first heap   total reserved 4151296K, committed 763904K, used 582178K [0x0000000702a00000, 0x0000000800000000)
  region size 2048K, 197 young (403456K), 10 survivors (20480K)
 Metaspace       used 79001K, committed 79744K, reserved 1179648K
  class space    used 11046K, committed 11392K, reserved 1048576K
}
Event: 9.606 GC heap after
{Heap after GC invocations=38 (full 0):
 garbage-first heap   total reserved 4151296K, committed 763904K, used 340989K [0x0000000702a00000, 0x0000000800000000)
  region size 2048K, 25 young (51200K), 25 survivors (51200K)
 Metaspace       used 79001K, committed 79744K, reserved 1179648K
  class space    used 11046K, committed 11392K, reserved 1048576K
}
Event: 10.162 GC heap before
{Heap before GC invocations=38 (full 0):
 garbage-first heap   total reserved 4151296K, committed 763904K, used 574461K [0x0000000702a00000, 0x0000000800000000)
  region size 2048K, 139 young (284672K), 25 survivors (51200K)
 Metaspace       used 83562K, committed 84352K, reserved 1179648K
  class space    used 11576K, committed 11904K, reserved 1048576K
}
Event: 10.194 GC heap after
{Heap after GC invocations=39 (full 0):
 garbage-first heap   total reserved 4151296K, committed 763904K, used 359421K [0x0000000702a00000, 0x0000000800000000)
  region size 2048K, 7 young (14336K), 7 survivors (14336K)
 Metaspace       used 83562K, committed 84352K, reserved 1179648K
  class space    used 11576K, committed 11904K, reserved 1048576K
}
Event: 96.633 GC heap before
{Heap before GC invocations=39 (full 0):
 garbage-first heap   total reserved 4151296K, committed 763904K, used 605181K [0x0000000702a00000, 0x0000000800000000)
  region size 2048K, 127 young (260096K), 7 survivors (14336K)
 Metaspace       used 95348K, committed 96320K, reserved 1179648K
  class space    used 13190K, committed 13632K, reserved 1048576K
}
Event: 96.662 GC heap after
{Heap after GC invocations=40 (full 0):
 garbage-first heap   total reserved 4151296K, committed 763904K, used 360801K [0x0000000702a00000, 0x0000000800000000)
  region size 2048K, 8 young (16384K), 8 survivors (16384K)
 Metaspace       used 95348K, committed 96320K, reserved 1179648K
  class space    used 13190K, committed 13632K, reserved 1048576K
}
Event: 434.057 GC heap before
{Heap before GC invocations=41 (full 0):
 garbage-first heap   total reserved 4151296K, committed 634880K, used 455009K [0x0000000702a00000, 0x0000000800000000)
  region size 2048K, 138 young (282624K), 8 survivors (16384K)
 Metaspace       used 99124K, committed 100160K, reserved 1179648K
  class space    used 13593K, committed 14080K, reserved 1048576K
}
Event: 434.064 GC heap after
{Heap after GC invocations=42 (full 0):
 garbage-first heap   total reserved 4151296K, committed 634880K, used 189437K [0x0000000702a00000, 0x0000000800000000)
  region size 2048K, 8 young (16384K), 8 survivors (16384K)
 Metaspace       used 99124K, committed 100160K, reserved 1179648K
  class space    used 13593K, committed 14080K, reserved 1048576K
}
Event: 875.127 GC heap before
{Heap before GC invocations=42 (full 0):
 garbage-first heap   total reserved 4151296K, committed 634880K, used 504829K [0x0000000702a00000, 0x0000000800000000)
  region size 2048K, 162 young (331776K), 8 survivors (16384K)
 Metaspace       used 99253K, committed 100288K, reserved 1179648K
  class space    used 13594K, committed 14080K, reserved 1048576K
}
Event: 875.134 GC heap after
{Heap after GC invocations=43 (full 0):
 garbage-first heap   total reserved 4151296K, committed 634880K, used 128665K [0x0000000702a00000, 0x0000000800000000)
  region size 2048K, 9 young (18432K), 9 survivors (18432K)
 Metaspace       used 99253K, committed 100288K, reserved 1179648K
  class space    used 13594K, committed 14080K, reserved 1048576K
}
Event: 1383.809 GC heap before
{Heap before GC invocations=43 (full 0):
 garbage-first heap   total reserved 4151296K, committed 634880K, used 491161K [0x0000000702a00000, 0x0000000800000000)
  region size 2048K, 186 young (380928K), 9 survivors (18432K)
 Metaspace       used 99433K, committed 100480K, reserved 1179648K
  class space    used 13594K, committed 14080K, reserved 1048576K
}

