# JRE version: OpenJDK Runtime Environment Corretto-22.0.2.9.1 (22.0.2+9) (build 22.0.2+9-FR)
# Java VM: OpenJDK 64-Bit Server VM Corretto-22.0.2.9.1 (22.0.2+9-FR, mixed mode, sharing, tiered, compressed oops, compressed class ptrs, g1 gc, windows-amd64)
GC Precious Log:
 CardTable entry size: 512
 Card Set container configuration: InlinePtr #cards 4 size 8 Array Of Cards #cards 16 size 48 Howl #buckets 8 coarsen threshold 3686 Howl Bitmap #cards 512 size 80 coarsen threshold 460 Card regions per heap region 1 cards per card region 4096
 CPUs: 8 total, 8 available
 Memory: 16215M
 Large Page Support: Disabled
 NUMA Support: Disabled
 Compressed Oops: Enabled (Zero based)
 Heap Region Size: 2M
 Heap Min Capacity: 8M
 Heap Initial Capacity: 254M
 Heap Max Capacity: 4054M
 Pre-touch: Disabled
 Parallel Workers: 8
 Concurrent Workers: 2
 Concurrent Refinement Workers: 8
 Periodic GC: Disabled
Heap:
 garbage-first heap   total reserved 4151296K, committed 286720K, used 87649K [0x0000000702a00000, 0x0000000800000000)
  region size 2048K, 5 young (10240K), 4 survivors (8192K)
 Metaspace       used 117901K, committed 119296K, reserved 1179648K
  class space    used 15614K, committed 16256K, reserved 1048576K
GC Heap History (20 events):
Event: 615.781 GC heap before
{Heap before GC invocations=41 (full 0):
 garbage-first heap   total reserved 4151296K, committed 321536K, used 189361K [0x0000000702a00000, 0x0000000800000000)
  region size 2048K, 63 young (129024K), 6 survivors (12288K)
 Metaspace       used 113813K, committed 115008K, reserved 1179648K
  class space    used 15153K, committed 15680K, reserved 1048576K
}
Event: 615.789 GC heap after
{Heap after GC invocations=42 (full 0):
 garbage-first heap   total reserved 4151296K, committed 321536K, used 81298K [0x0000000702a00000, 0x0000000800000000)
  region size 2048K, 8 young (16384K), 8 survivors (16384K)
 Metaspace       used 113813K, committed 115008K, reserved 1179648K
  class space    used 15153K, committed 15680K, reserved 1048576K
}
Event: 743.282 GC heap before
{Heap before GC invocations=43 (full 0):
 garbage-first heap   total reserved 4151296K, committed 301056K, used 249234K [0x0000000702a00000, 0x0000000800000000)
  region size 2048K, 88 young (180224K), 8 survivors (16384K)
 Metaspace       used 116802K, committed 118080K, reserved 1179648K
  class space    used 15530K, committed 16128K, reserved 1048576K
}
Event: 743.298 GC heap after
{Heap after GC invocations=44 (full 0):
 garbage-first heap   total reserved 4151296K, committed 301056K, used 88202K [0x0000000702a00000, 0x0000000800000000)
  region size 2048K, 6 young (12288K), 6 survivors (12288K)
 Metaspace       used 116802K, committed 118080K, reserved 1179648K
  class space    used 15530K, committed 16128K, reserved 1048576K
}
Event: 904.869 GC heap before
{Heap before GC invocations=44 (full 0):
 garbage-first heap   total reserved 4151296K, committed 301056K, used 256138K [0x0000000702a00000, 0x0000000800000000)
  region size 2048K, 88 young (180224K), 6 survivors (12288K)
 Metaspace       used 117400K, committed 118720K, reserved 1179648K
  class space    used 15592K, committed 16192K, reserved 1048576K
}
Event: 904.876 GC heap after
{Heap after GC invocations=45 (full 0):
 garbage-first heap   total reserved 4151296K, committed 301056K, used 85611K [0x0000000702a00000, 0x0000000800000000)
  region size 2048K, 6 young (12288K), 6 survivors (12288K)
 Metaspace       used 117400K, committed 118720K, reserved 1179648K
  class space    used 15592K, committed 16192K, reserved 1048576K
}
Event: 1130.511 GC heap before
{Heap before GC invocations=45 (full 0):
 garbage-first heap   total reserved 4151296K, committed 301056K, used 253547K [0x0000000702a00000, 0x0000000800000000)
  region size 2048K, 88 young (180224K), 6 survivors (12288K)
 Metaspace       used 117497K, committed 118784K, reserved 1179648K
  class space    used 15594K, committed 16192K, reserved 1048576K
}
Event: 1130.519 GC heap after
{Heap after GC invocations=46 (full 0):
 garbage-first heap   total reserved 4151296K, committed 301056K, used 84998K [0x0000000702a00000, 0x0000000800000000)
  region size 2048K, 6 young (12288K), 6 survivors (12288K)
 Metaspace       used 117497K, committed 118784K, reserved 1179648K
  class space    used 15594K, committed 16192K, reserved 1048576K
}
Event: 1367.649 GC heap before
{Heap before GC invocations=47 (full 0):
 garbage-first heap   total reserved 4151296K, committed 286720K, used 244742K [0x0000000702a00000, 0x0000000800000000)
  region size 2048K, 84 young (172032K), 6 survivors (12288K)
 Metaspace       used 117537K, committed 118912K, reserved 1179648K
  class space    used 15597K, committed 16192K, reserved 1048576K
}
Event: 1367.660 GC heap after
{Heap after GC invocations=48 (full 0):
 garbage-first heap   total reserved 4151296K, committed 286720K, used 85673K [0x0000000702a00000, 0x0000000800000000)
  region size 2048K, 6 young (12288K), 6 survivors (12288K)
 Metaspace       used 117537K, committed 118912K, reserved 1179648K
  class space    used 15597K, committed 16192K, reserved 1048576K
}
Event: 1616.675 GC heap before
{Heap before GC invocations=48 (full 0):
 garbage-first heap   total reserved 4151296K, committed 286720K, used 245417K [0x0000000702a00000, 0x0000000800000000)
  region size 2048K, 84 young (172032K), 6 survivors (12288K)
 Metaspace       used 117542K, committed 118912K, reserved 1179648K
  class space    used 15597K, committed 16192K, reserved 1048576K
}
Event: 1616.701 GC heap after
{Heap after GC invocations=49 (full 0):
 garbage-first heap   total reserved 4151296K, committed 286720K, used 82736K [0x0000000702a00000, 0x0000000800000000)
  region size 2048K, 7 young (14336K), 7 survivors (14336K)
 Metaspace       used 117542K, committed 118912K, reserved 1179648K
  class space    used 15597K, committed 16192K, reserved 1048576K
}
Event: 1804.772 GC heap before
{Heap before GC invocations=49 (full 0):
 garbage-first heap   total reserved 4151296K, committed 286720K, used 211760K [0x0000000702a00000, 0x0000000800000000)
  region size 2048K, 71 young (145408K), 7 survivors (14336K)
 Metaspace       used 117668K, committed 119040K, reserved 1179648K
  class space    used 15607K, committed 16256K, reserved 1048576K
}
Event: 1804.789 GC heap after
{Heap after GC invocations=50 (full 0):
 garbage-first heap   total reserved 4151296K, committed 286720K, used 82732K [0x0000000702a00000, 0x0000000800000000)
  region size 2048K, 7 young (14336K), 7 survivors (14336K)
 Metaspace       used 117668K, committed 119040K, reserved 1179648K
  class space    used 15607K, committed 16256K, reserved 1048576K
}
Event: 2019.535 GC heap before
{Heap before GC invocations=51 (full 0):
 garbage-first heap   total reserved 4151296K, committed 286720K, used 244524K [0x0000000702a00000, 0x0000000800000000)
  region size 2048K, 84 young (172032K), 7 survivors (14336K)
 Metaspace       used 117844K, committed 119232K, reserved 1179648K
  class space    used 15614K, committed 16256K, reserved 1048576K
}
Event: 2019.555 GC heap after
{Heap after GC invocations=52 (full 0):
 garbage-first heap   total reserved 4151296K, committed 286720K, used 89744K [0x0000000702a00000, 0x0000000800000000)
  region size 2048K, 5 young (10240K), 5 survivors (10240K)
 Metaspace       used 117844K, committed 119232K, reserved 1179648K
  class space    used 15614K, committed 16256K, reserved 1048576K
}
Event: 2293.473 GC heap before
{Heap before GC invocations=52 (full 0):
 garbage-first heap   total reserved 4151296K, committed 286720K, used 251536K [0x0000000702a00000, 0x0000000800000000)
  region size 2048K, 84 young (172032K), 5 survivors (10240K)
 Metaspace       used 117865K, committed 119296K, reserved 1179648K
  class space    used 15614K, committed 16256K, reserved 1048576K
}
Event: 2293.491 GC heap after
{Heap after GC invocations=53 (full 0):
 garbage-first heap   total reserved 4151296K, committed 286720K, used 88004K [0x0000000702a00000, 0x0000000800000000)
  region size 2048K, 4 young (8192K), 4 survivors (8192K)
 Metaspace       used 117865K, committed 119296K, reserved 1179648K
  class space    used 15614K, committed 16256K, reserved 1048576K
}
Event: 2569.614 GC heap before
{Heap before GC invocations=53 (full 0):
 garbage-first heap   total reserved 4151296K, committed 286720K, used 251844K [0x0000000702a00000, 0x0000000800000000)
  region size 2048K, 84 young (172032K), 4 survivors (8192K)
 Metaspace       used 117902K, committed 119296K, reserved 1179648K
  class space    used 15614K, committed 16256K, reserved 1048576K
}
Event: 2569.633 GC heap after
{Heap after GC invocations=54 (full 0):
 garbage-first heap   total reserved 4151296K, committed 286720K, used 87649K [0x0000000702a00000, 0x0000000800000000)
  region size 2048K, 4 young (8192K), 4 survivors (8192K)
 Metaspace       used 117902K, committed 119296K, reserved 1179648K
  class space    used 15614K, committed 16256K, reserved 1048576K
}

