# JRE version: OpenJDK Runtime Environment Corretto-22.0.2.9.1 (22.0.2+9) (build 22.0.2+9-FR)
# Java VM: OpenJDK 64-Bit Server VM Corretto-22.0.2.9.1 (22.0.2+9-FR, mixed mode, emulated-client, sharing, tiered, compressed oops, compressed class ptrs, g1 gc, windows-amd64)
GC Precious Log:
 CardTable entry size: 512
 Card Set container configuration: InlinePtr #cards 4 size 8 Array Of Cards #cards 16 size 48 Howl #buckets 8 coarsen threshold 3686 Howl Bitmap #cards 512 size 80 coarsen threshold 460 Card regions per heap region 1 cards per card region 4096
 CPUs: 8 total, 8 available
 Memory: 16215M
 Large Page Support: Disabled
 NUMA Support: Disabled
 Compressed Oops: Enabled (Zero based)
 Heap Region Size: 2M
 Heap Min Capacity: 8M
 Heap Initial Capacity: 254M
 Heap Max Capacity: 4054M
 Pre-touch: Disabled
 Parallel Workers: 8
 Concurrent Workers: 2
 Concurrent Refinement Workers: 8
 Periodic GC: Disabled
Heap:
 garbage-first heap   total reserved 4151296K, committed 141312K, used 114138K [0x0000000702a00000, 0x0000000800000000)
  region size 2048K, 41 young (83968K), 1 survivors (2048K)
 Metaspace       used 75222K, committed 76480K, reserved 1114112K
  class space    used 10953K, committed 11456K, reserved 1048576K
GC Heap History (20 events):
Event: 65111.441 GC heap after
{Heap after GC invocations=116 (full 0):
 garbage-first heap   total reserved 4151296K, committed 116736K, used 32243K [0x0000000702a00000, 0x0000000800000000)
  region size 2048K, 1 young (2048K), 1 survivors (2048K)
 Metaspace       used 75221K, committed 76480K, reserved 1114112K
  class space    used 10952K, committed 11456K, reserved 1048576K
}
Event: 65224.437 GC heap before
{Heap before GC invocations=116 (full 0):
 garbage-first heap   total reserved 4151296K, committed 116736K, used 99827K [0x0000000702a00000, 0x0000000800000000)
  region size 2048K, 34 young (69632K), 1 survivors (2048K)
 Metaspace       used 75221K, committed 76480K, reserved 1114112K
  class space    used 10952K, committed 11456K, reserved 1048576K
}
Event: 65224.439 GC heap after
{Heap after GC invocations=117 (full 0):
 garbage-first heap   total reserved 4151296K, committed 116736K, used 32175K [0x0000000702a00000, 0x0000000800000000)
  region size 2048K, 1 young (2048K), 1 survivors (2048K)
 Metaspace       used 75221K, committed 76480K, reserved 1114112K
  class space    used 10952K, committed 11456K, reserved 1048576K
}
Event: 65337.208 GC heap before
{Heap before GC invocations=117 (full 0):
 garbage-first heap   total reserved 4151296K, committed 116736K, used 99759K [0x0000000702a00000, 0x0000000800000000)
  region size 2048K, 34 young (69632K), 1 survivors (2048K)
 Metaspace       used 75221K, committed 76480K, reserved 1114112K
  class space    used 10952K, committed 11456K, reserved 1048576K
}
Event: 65337.212 GC heap after
{Heap after GC invocations=118 (full 0):
 garbage-first heap   total reserved 4151296K, committed 116736K, used 32316K [0x0000000702a00000, 0x0000000800000000)
  region size 2048K, 1 young (2048K), 1 survivors (2048K)
 Metaspace       used 75221K, committed 76480K, reserved 1114112K
  class space    used 10952K, committed 11456K, reserved 1048576K
}
Event: 65450.000 GC heap before
{Heap before GC invocations=119 (full 0):
 garbage-first heap   total reserved 4151296K, committed 116736K, used 99900K [0x0000000702a00000, 0x0000000800000000)
  region size 2048K, 34 young (69632K), 1 survivors (2048K)
 Metaspace       used 75221K, committed 76480K, reserved 1114112K
  class space    used 10952K, committed 11456K, reserved 1048576K
}
Event: 65450.000 GC heap after
{Heap after GC invocations=120 (full 0):
 garbage-first heap   total reserved 4151296K, committed 116736K, used 32200K [0x0000000702a00000, 0x0000000800000000)
  region size 2048K, 1 young (2048K), 1 survivors (2048K)
 Metaspace       used 75221K, committed 76480K, reserved 1114112K
  class space    used 10952K, committed 11456K, reserved 1048576K
}
Event: 65562.001 GC heap before
{Heap before GC invocations=120 (full 0):
 garbage-first heap   total reserved 4151296K, committed 116736K, used 99784K [0x0000000702a00000, 0x0000000800000000)
  region size 2048K, 34 young (69632K), 1 survivors (2048K)
 Metaspace       used 75221K, committed 76480K, reserved 1114112K
  class space    used 10952K, committed 11456K, reserved 1048576K
}
Event: 65562.005 GC heap after
{Heap after GC invocations=121 (full 0):
 garbage-first heap   total reserved 4151296K, committed 116736K, used 32107K [0x0000000702a00000, 0x0000000800000000)
  region size 2048K, 1 young (2048K), 1 survivors (2048K)
 Metaspace       used 75221K, committed 76480K, reserved 1114112K
  class space    used 10952K, committed 11456K, reserved 1048576K
}
Event: 65674.830 GC heap before
{Heap before GC invocations=121 (full 0):
 garbage-first heap   total reserved 4151296K, committed 116736K, used 99691K [0x0000000702a00000, 0x0000000800000000)
  region size 2048K, 34 young (69632K), 1 survivors (2048K)
 Metaspace       used 75221K, committed 76480K, reserved 1114112K
  class space    used 10952K, committed 11456K, reserved 1048576K
}
Event: 65674.831 GC heap after
{Heap after GC invocations=122 (full 0):
 garbage-first heap   total reserved 4151296K, committed 116736K, used 32226K [0x0000000702a00000, 0x0000000800000000)
  region size 2048K, 1 young (2048K), 1 survivors (2048K)
 Metaspace       used 75221K, committed 76480K, reserved 1114112K
  class space    used 10952K, committed 11456K, reserved 1048576K
}
Event: 65788.133 GC heap before
{Heap before GC invocations=123 (full 0):
 garbage-first heap   total reserved 4151296K, committed 116736K, used 99810K [0x0000000702a00000, 0x0000000800000000)
  region size 2048K, 34 young (69632K), 1 survivors (2048K)
 Metaspace       used 75221K, committed 76480K, reserved 1114112K
  class space    used 10952K, committed 11456K, reserved 1048576K
}
Event: 65788.135 GC heap after
{Heap after GC invocations=124 (full 0):
 garbage-first heap   total reserved 4151296K, committed 116736K, used 32097K [0x0000000702a00000, 0x0000000800000000)
  region size 2048K, 1 young (2048K), 1 survivors (2048K)
 Metaspace       used 75221K, committed 76480K, reserved 1114112K
  class space    used 10952K, committed 11456K, reserved 1048576K
}
Event: 65900.546 GC heap before
{Heap before GC invocations=124 (full 0):
 garbage-first heap   total reserved 4151296K, committed 116736K, used 99681K [0x0000000702a00000, 0x0000000800000000)
  region size 2048K, 34 young (69632K), 1 survivors (2048K)
 Metaspace       used 75221K, committed 76480K, reserved 1114112K
  class space    used 10952K, committed 11456K, reserved 1048576K
}
Event: 65900.547 GC heap after
{Heap after GC invocations=125 (full 0):
 garbage-first heap   total reserved 4151296K, committed 116736K, used 32213K [0x0000000702a00000, 0x0000000800000000)
  region size 2048K, 1 young (2048K), 1 survivors (2048K)
 Metaspace       used 75221K, committed 76480K, reserved 1114112K
  class space    used 10952K, committed 11456K, reserved 1048576K
}
Event: 66013.897 GC heap before
{Heap before GC invocations=125 (full 0):
 garbage-first heap   total reserved 4151296K, committed 116736K, used 99797K [0x0000000702a00000, 0x0000000800000000)
  region size 2048K, 34 young (69632K), 1 survivors (2048K)
 Metaspace       used 75221K, committed 76480K, reserved 1114112K
  class space    used 10952K, committed 11456K, reserved 1048576K
}
Event: 66013.898 GC heap after
{Heap after GC invocations=126 (full 0):
 garbage-first heap   total reserved 4151296K, committed 116736K, used 32123K [0x0000000702a00000, 0x0000000800000000)
  region size 2048K, 1 young (2048K), 1 survivors (2048K)
 Metaspace       used 75221K, committed 76480K, reserved 1114112K
  class space    used 10952K, committed 11456K, reserved 1048576K
}
Event: 66126.601 GC heap before
{Heap before GC invocations=127 (full 0):
 garbage-first heap   total reserved 4151296K, committed 116736K, used 99707K [0x0000000702a00000, 0x0000000800000000)
  region size 2048K, 34 young (69632K), 1 survivors (2048K)
 Metaspace       used 75221K, committed 76480K, reserved 1114112K
  class space    used 10952K, committed 11456K, reserved 1048576K
}
Event: 66126.602 GC heap after
{Heap after GC invocations=128 (full 0):
 garbage-first heap   total reserved 4151296K, committed 141312K, used 32218K [0x0000000702a00000, 0x0000000800000000)
  region size 2048K, 1 young (2048K), 1 survivors (2048K)
 Metaspace       used 75221K, committed 76480K, reserved 1114112K
  class space    used 10952K, committed 11456K, reserved 1048576K
}
Event: 66261.908 GC heap before
{Heap before GC invocations=128 (full 0):
 garbage-first heap   total reserved 4151296K, committed 141312K, used 114138K [0x0000000702a00000, 0x0000000800000000)
  region size 2048K, 41 young (83968K), 1 survivors (2048K)
 Metaspace       used 75222K, committed 76480K, reserved 1114112K
  class space    used 10953K, committed 11456K, reserved 1048576K
}

