# JRE version: OpenJDK Runtime Environment Microsoft-11369865 (17.0.15+6) (build 17.0.15+6-LTS)
# Java VM: OpenJDK 64-Bit Server VM Microsoft-11369865 (17.0.15+6-LTS, mixed mode, sharing, tiered, compressed oops, compressed class ptrs, g1 gc, windows-amd64)
GC Precious Log:
 CPUs: 8 total, 8 available
 Memory: 16215M
 Large Page Support: Disabled
 NUMA Support: Disabled
 Compressed Oops: Enabled (Zero based)
 Heap Region Size: 2M
 Heap Min Capacity: 8M
 Heap Initial Capacity: 254M
 Heap Max Capacity: 4054M
 Pre-touch: Disabled
 Parallel Workers: 8
 Concurrent Workers: 2
 Concurrent Refinement Workers: 8
 Periodic GC: Disabled
Heap:
 garbage-first heap   total 501760K, used 134197K [0x0000000702a00000, 0x0000000800000000)
  region size 2048K, 9 young (18432K), 8 survivors (16384K)
 Metaspace       used 107991K, committed 108800K, reserved 1179648K
  class space    used 14530K, committed 14912K, reserved 1048576K
GC Heap History (20 events):
Event: 7.860 GC heap before
{Heap before GC invocations=31 (full 0):
 garbage-first heap   total 210944K, used 129024K [0x0000000702a00000, 0x0000000800000000)
  region size 2048K, 18 young (36864K), 5 survivors (10240K)
 Metaspace       used 74902K, committed 75520K, reserved 1114112K
  class space    used 10558K, committed 10816K, reserved 1048576K
}
Event: 7.872 GC heap after
{Heap after GC invocations=32 (full 0):
 garbage-first heap   total 210944K, used 116560K [0x0000000702a00000, 0x0000000800000000)
  region size 2048K, 4 young (8192K), 4 survivors (8192K)
 Metaspace       used 74902K, committed 75520K, reserved 1114112K
  class space    used 10558K, committed 10816K, reserved 1048576K
}
Event: 7.957 GC heap before
{Heap before GC invocations=32 (full 0):
 garbage-first heap   total 225280K, used 143184K [0x0000000702a00000, 0x0000000800000000)
  region size 2048K, 22 young (45056K), 4 survivors (8192K)
 Metaspace       used 74902K, committed 75520K, reserved 1114112K
  class space    used 10558K, committed 10816K, reserved 1048576K
}
Event: 7.966 GC heap after
{Heap after GC invocations=33 (full 0):
 garbage-first heap   total 225280K, used 114376K [0x0000000702a00000, 0x0000000800000000)
  region size 2048K, 3 young (6144K), 3 survivors (6144K)
 Metaspace       used 74902K, committed 75520K, reserved 1114112K
  class space    used 10558K, committed 10816K, reserved 1048576K
}
Event: 8.247 GC heap before
{Heap before GC invocations=34 (full 0):
 garbage-first heap   total 225280K, used 161480K [0x0000000702a00000, 0x0000000800000000)
  region size 2048K, 26 young (53248K), 3 survivors (6144K)
 Metaspace       used 76192K, committed 76800K, reserved 1179648K
  class space    used 10650K, committed 10944K, reserved 1048576K
}
Event: 8.254 GC heap after
{Heap after GC invocations=35 (full 0):
 garbage-first heap   total 225280K, used 117997K [0x0000000702a00000, 0x0000000800000000)
  region size 2048K, 2 young (4096K), 2 survivors (4096K)
 Metaspace       used 76192K, committed 76800K, reserved 1179648K
  class space    used 10650K, committed 10944K, reserved 1048576K
}
Event: 8.262 GC heap before
{Heap before GC invocations=35 (full 0):
 garbage-first heap   total 225280K, used 124141K [0x0000000702a00000, 0x0000000800000000)
  region size 2048K, 5 young (10240K), 2 survivors (4096K)
 Metaspace       used 76192K, committed 76800K, reserved 1179648K
  class space    used 10650K, committed 10944K, reserved 1048576K
}
Event: 8.265 GC heap after
{Heap after GC invocations=36 (full 0):
 garbage-first heap   total 225280K, used 112284K [0x0000000702a00000, 0x0000000800000000)
  region size 2048K, 1 young (2048K), 1 survivors (2048K)
 Metaspace       used 76192K, committed 76800K, reserved 1179648K
  class space    used 10650K, committed 10944K, reserved 1048576K
}
Event: 8.984 GC heap before
{Heap before GC invocations=36 (full 0):
 garbage-first heap   total 225280K, used 161436K [0x0000000702a00000, 0x0000000800000000)
  region size 2048K, 26 young (53248K), 1 survivors (2048K)
 Metaspace       used 83500K, committed 84160K, reserved 1179648K
  class space    used 11622K, committed 11968K, reserved 1048576K
}
Event: 8.989 GC heap after
{Heap after GC invocations=37 (full 0):
 garbage-first heap   total 501760K, used 115542K [0x0000000702a00000, 0x0000000800000000)
  region size 2048K, 2 young (4096K), 2 survivors (4096K)
 Metaspace       used 83500K, committed 84160K, reserved 1179648K
  class space    used 11622K, committed 11968K, reserved 1048576K
}
Event: 108.714 GC heap before
{Heap before GC invocations=37 (full 0):
 garbage-first heap   total 501760K, used 320342K [0x0000000702a00000, 0x0000000800000000)
  region size 2048K, 99 young (202752K), 2 survivors (4096K)
 Metaspace       used 106739K, committed 107520K, reserved 1179648K
  class space    used 14449K, committed 14848K, reserved 1048576K
}
Event: 108.726 GC heap after
{Heap after GC invocations=38 (full 0):
 garbage-first heap   total 501760K, used 132665K [0x0000000702a00000, 0x0000000800000000)
  region size 2048K, 8 young (16384K), 8 survivors (16384K)
 Metaspace       used 106739K, committed 107520K, reserved 1179648K
  class space    used 14449K, committed 14848K, reserved 1048576K
}
Event: 456.364 GC heap before
{Heap before GC invocations=38 (full 0):
 garbage-first heap   total 501760K, used 364089K [0x0000000702a00000, 0x0000000800000000)
  region size 2048K, 121 young (247808K), 8 survivors (16384K)
 Metaspace       used 107868K, committed 108736K, reserved 1179648K
  class space    used 14516K, committed 14912K, reserved 1048576K
}
Event: 456.373 GC heap after
{Heap after GC invocations=39 (full 0):
 garbage-first heap   total 501760K, used 133249K [0x0000000702a00000, 0x0000000800000000)
  region size 2048K, 8 young (16384K), 8 survivors (16384K)
 Metaspace       used 107868K, committed 108736K, reserved 1179648K
  class space    used 14516K, committed 14912K, reserved 1048576K
}
Event: 932.134 GC heap before
{Heap before GC invocations=39 (full 0):
 garbage-first heap   total 501760K, used 403585K [0x0000000702a00000, 0x0000000800000000)
  region size 2048K, 140 young (286720K), 8 survivors (16384K)
 Metaspace       used 107921K, committed 108736K, reserved 1179648K
  class space    used 14524K, committed 14912K, reserved 1048576K
}
Event: 932.141 GC heap after
{Heap after GC invocations=40 (full 0):
 garbage-first heap   total 501760K, used 133844K [0x0000000702a00000, 0x0000000800000000)
  region size 2048K, 8 young (16384K), 8 survivors (16384K)
 Metaspace       used 107921K, committed 108736K, reserved 1179648K
  class space    used 14524K, committed 14912K, reserved 1048576K
}
Event: 1436.050 GC heap before
{Heap before GC invocations=40 (full 0):
 garbage-first heap   total 501760K, used 418516K [0x0000000702a00000, 0x0000000800000000)
  region size 2048K, 147 young (301056K), 8 survivors (16384K)
 Metaspace       used 107937K, committed 108736K, reserved 1179648K
  class space    used 14524K, committed 14912K, reserved 1048576K
}
Event: 1436.058 GC heap after
{Heap after GC invocations=41 (full 0):
 garbage-first heap   total 501760K, used 133280K [0x0000000702a00000, 0x0000000800000000)
  region size 2048K, 8 young (16384K), 8 survivors (16384K)
 Metaspace       used 107937K, committed 108736K, reserved 1179648K
  class space    used 14524K, committed 14912K, reserved 1048576K
}
Event: 1932.915 GC heap before
{Heap before GC invocations=41 (full 0):
 garbage-first heap   total 501760K, used 417952K [0x0000000702a00000, 0x0000000800000000)
  region size 2048K, 147 young (301056K), 8 survivors (16384K)
 Metaspace       used 107991K, committed 108800K, reserved 1179648K
  class space    used 14530K, committed 14912K, reserved 1048576K
}
Event: 1932.937 GC heap after
{Heap after GC invocations=42 (full 0):
 garbage-first heap   total 501760K, used 134197K [0x0000000702a00000, 0x0000000800000000)
  region size 2048K, 8 young (16384K), 8 survivors (16384K)
 Metaspace       used 107991K, committed 108800K, reserved 1179648K
  class space    used 14530K, committed 14912K, reserved 1048576K
}

